[ 2025-12-31 11:39:32,695 ] 237 data_validation_main - INFO - Starting data validation process for all configured local sources.
[ 2025-12-31 11:39:32,713 ] 390 great_expectations.data_context.data_context.context_factory - INFO - Could not find local file-backed GX project
[ 2025-12-31 11:39:32,715 ] 2153 great_expectations.data_context.types.base - INFO - Created temporary directory 'C:\Users\91798\AppData\Local\Temp\tmpqbzm9ot8' for ephemeral docs site
[ 2025-12-31 11:39:32,715 ] 187 great_expectations.datasource.fluent.config - INFO - Loading 'datasources' ->
[]
[ 2025-12-31 11:39:32,750 ] 60 LocalDataValidator_uci - INFO - Using Great Expectations configuration from: F:\Bits\Semester_3\Third Semester\MLOPS\Assignment\Heart-Disease-Prediction-Project\gx
[ 2025-12-31 11:39:32,751 ] 81 LocalDataValidator_uci - INFO - Creating fluent datasource local_pandas_datasource
[ 2025-12-31 11:39:32,756 ] 83 LocalDataValidator_uci - INFO - Successfully created fluent datasource local_pandas_datasource
[ 2025-12-31 11:39:32,756 ] 88 LocalDataValidator_uci - INFO - Searching for latest CSV file in: F:\Bits\Semester_3\Third Semester\MLOPS\Assignment\Heart-Disease-Prediction-Project\data\raw\uci
[ 2025-12-31 11:39:32,756 ] 93 LocalDataValidator_uci - INFO - Found latest local CSV file: F:\Bits\Semester_3\Third Semester\MLOPS\Assignment\Heart-Disease-Prediction-Project\data\raw\uci\heart_disease_dataset_20251231_113909.csv
[ 2025-12-31 11:39:32,756 ] 146 LocalDataValidator_uci - INFO - --- Starting GE validation for source: uci ---
[ 2025-12-31 11:39:32,759 ] 161 LocalDataValidator_uci - INFO - Created new data asset: local_heart_data_uci
[ 2025-12-31 11:39:32,760 ] 174 LocalDataValidator_uci - INFO - Created new expectation suite: heart_disease_suite
[ 2025-12-31 11:39:32,945 ] 100 LocalDataValidator_uci - INFO - Building comprehensive expectation suite.
[ 2025-12-31 11:39:32,980 ] 109 py.warnings - WARNING - F:\Bits\Semester_3\Third Semester\MLOPS\Assignment\Heart-Disease-Prediction-Project\.venv\lib\site-packages\great_expectations\expectations\expectation.py:1519: UserWarning: `result_format` configured at the Validator-level will not be persisted. Please add the configuration to your Checkpoint config or checkpoint_run() method instead.
  warnings.warn(

[ 2025-12-31 11:39:32,990 ] 109 py.warnings - WARNING - F:\Bits\Semester_3\Third Semester\MLOPS\Assignment\Heart-Disease-Prediction-Project\.venv\lib\site-packages\great_expectations\expectations\expectation.py:1519: UserWarning: `result_format` configured at the Validator-level will not be persisted. Please add the configuration to your Checkpoint config or checkpoint_run() method instead.
  warnings.warn(

[ 2025-12-31 11:39:33,030 ] 109 py.warnings - WARNING - F:\Bits\Semester_3\Third Semester\MLOPS\Assignment\Heart-Disease-Prediction-Project\.venv\lib\site-packages\great_expectations\expectations\expectation.py:1519: UserWarning: `result_format` configured at the Validator-level will not be persisted. Please add the configuration to your Checkpoint config or checkpoint_run() method instead.
  warnings.warn(

[ 2025-12-31 11:39:33,039 ] 109 py.warnings - WARNING - F:\Bits\Semester_3\Third Semester\MLOPS\Assignment\Heart-Disease-Prediction-Project\.venv\lib\site-packages\great_expectations\expectations\expectation.py:1519: UserWarning: `result_format` configured at the Validator-level will not be persisted. Please add the configuration to your Checkpoint config or checkpoint_run() method instead.
  warnings.warn(

[ 2025-12-31 11:39:33,049 ] 109 py.warnings - WARNING - F:\Bits\Semester_3\Third Semester\MLOPS\Assignment\Heart-Disease-Prediction-Project\.venv\lib\site-packages\great_expectations\expectations\expectation.py:1519: UserWarning: `result_format` configured at the Validator-level will not be persisted. Please add the configuration to your Checkpoint config or checkpoint_run() method instead.
  warnings.warn(

[ 2025-12-31 11:39:33,065 ] 109 py.warnings - WARNING - F:\Bits\Semester_3\Third Semester\MLOPS\Assignment\Heart-Disease-Prediction-Project\.venv\lib\site-packages\great_expectations\expectations\expectation.py:1519: UserWarning: `result_format` configured at the Validator-level will not be persisted. Please add the configuration to your Checkpoint config or checkpoint_run() method instead.
  warnings.warn(

[ 2025-12-31 11:39:33,082 ] 109 py.warnings - WARNING - F:\Bits\Semester_3\Third Semester\MLOPS\Assignment\Heart-Disease-Prediction-Project\.venv\lib\site-packages\great_expectations\expectations\expectation.py:1519: UserWarning: `result_format` configured at the Validator-level will not be persisted. Please add the configuration to your Checkpoint config or checkpoint_run() method instead.
  warnings.warn(

[ 2025-12-31 11:39:33,100 ] 109 py.warnings - WARNING - F:\Bits\Semester_3\Third Semester\MLOPS\Assignment\Heart-Disease-Prediction-Project\.venv\lib\site-packages\great_expectations\expectations\expectation.py:1519: UserWarning: `result_format` configured at the Validator-level will not be persisted. Please add the configuration to your Checkpoint config or checkpoint_run() method instead.
  warnings.warn(

[ 2025-12-31 11:39:33,117 ] 109 py.warnings - WARNING - F:\Bits\Semester_3\Third Semester\MLOPS\Assignment\Heart-Disease-Prediction-Project\.venv\lib\site-packages\great_expectations\expectations\expectation.py:1519: UserWarning: `result_format` configured at the Validator-level will not be persisted. Please add the configuration to your Checkpoint config or checkpoint_run() method instead.
  warnings.warn(

[ 2025-12-31 11:39:33,135 ] 109 py.warnings - WARNING - F:\Bits\Semester_3\Third Semester\MLOPS\Assignment\Heart-Disease-Prediction-Project\.venv\lib\site-packages\great_expectations\expectations\expectation.py:1519: UserWarning: `result_format` configured at the Validator-level will not be persisted. Please add the configuration to your Checkpoint config or checkpoint_run() method instead.
  warnings.warn(

[ 2025-12-31 11:39:33,304 ] 109 py.warnings - WARNING - F:\Bits\Semester_3\Third Semester\MLOPS\Assignment\Heart-Disease-Prediction-Project\.venv\lib\site-packages\great_expectations\expectations\expectation.py:1519: UserWarning: `result_format` configured at the Validator-level will not be persisted. Please add the configuration to your Checkpoint config or checkpoint_run() method instead.
  warnings.warn(

[ 2025-12-31 11:39:33,322 ] 109 py.warnings - WARNING - F:\Bits\Semester_3\Third Semester\MLOPS\Assignment\Heart-Disease-Prediction-Project\.venv\lib\site-packages\great_expectations\expectations\expectation.py:1519: UserWarning: `result_format` configured at the Validator-level will not be persisted. Please add the configuration to your Checkpoint config or checkpoint_run() method instead.
  warnings.warn(

[ 2025-12-31 11:39:33,338 ] 109 py.warnings - WARNING - F:\Bits\Semester_3\Third Semester\MLOPS\Assignment\Heart-Disease-Prediction-Project\.venv\lib\site-packages\great_expectations\expectations\expectation.py:1519: UserWarning: `result_format` configured at the Validator-level will not be persisted. Please add the configuration to your Checkpoint config or checkpoint_run() method instead.
  warnings.warn(

[ 2025-12-31 11:39:33,354 ] 109 py.warnings - WARNING - F:\Bits\Semester_3\Third Semester\MLOPS\Assignment\Heart-Disease-Prediction-Project\.venv\lib\site-packages\great_expectations\expectations\expectation.py:1519: UserWarning: `result_format` configured at the Validator-level will not be persisted. Please add the configuration to your Checkpoint config or checkpoint_run() method instead.
  warnings.warn(

[ 2025-12-31 11:39:33,372 ] 109 py.warnings - WARNING - F:\Bits\Semester_3\Third Semester\MLOPS\Assignment\Heart-Disease-Prediction-Project\.venv\lib\site-packages\great_expectations\expectations\expectation.py:1519: UserWarning: `result_format` configured at the Validator-level will not be persisted. Please add the configuration to your Checkpoint config or checkpoint_run() method instead.
  warnings.warn(

[ 2025-12-31 11:39:33,394 ] 109 py.warnings - WARNING - F:\Bits\Semester_3\Third Semester\MLOPS\Assignment\Heart-Disease-Prediction-Project\.venv\lib\site-packages\great_expectations\expectations\expectation.py:1519: UserWarning: `result_format` configured at the Validator-level will not be persisted. Please add the configuration to your Checkpoint config or checkpoint_run() method instead.
  warnings.warn(

[ 2025-12-31 11:39:33,432 ] 141 LocalDataValidator_uci - INFO - Expectation suite built successfully.
[ 2025-12-31 11:39:33,435 ] 185 LocalDataValidator_uci - INFO - Expectation suite saved successfully
[ 2025-12-31 11:39:33,435 ] 1467 great_expectations.validator.validator - INFO - 	16 expectation(s) included in expectation_suite.
[ 2025-12-31 11:39:33,638 ] 197 LocalDataValidator_uci - INFO - Generating Data Docs (HTML report).
[ 2025-12-31 11:39:34,624 ] 201 LocalDataValidator_uci - INFO - Data Docs available at: file://C:\Users\91798\AppData\Local\Temp\tmpqbzm9ot8\index.html
[ 2025-12-31 11:39:34,624 ] 203 LocalDataValidator_uci - INFO - Generating CSV summary report.
[ 2025-12-31 11:39:34,630 ] 231 LocalDataValidator_uci - INFO - CSV summary report saved to: F:\Bits\Semester_3\Third Semester\MLOPS\Assignment\Heart-Disease-Prediction-Project\reports\validation\uci_validation_summary.csv
[ 2025-12-31 11:39:34,630 ] 190 LocalDataValidator_uci - INFO - --- Validation complete for source: uci ---
[ 2025-12-31 11:39:34,630 ] 251 data_validation_main - INFO - All data validation checks passed successfully.
